<?xml version="1.0" encoding="UTF-8"?>
<!-- Generated by org.testng.reporters.JUnitReportReporter -->
<testsuite skipped="0" hostname="LAPTOP-69PURTCF" name="com.Guru99.qa.tests.MobilePageTest" tests="1" failures="0" timestamp="24 Feb 2018 01:10:38 GMT" time="15.302" errors="0">
  <testcase name="verifyIphoneAddToCartTest" time="15.302" classname="com.Guru99.qa.tests.MobilePageTest"/>
</testsuite> <!-- com.Guru99.qa.tests.MobilePageTest -->
