<?xml version="1.0" encoding="UTF-8"?>
<!-- Generated by org.testng.reporters.JUnitReportReporter -->
<testsuite skipped="0" hostname="LAPTOP-69PURTCF" name="com.Guru99.qa.tests.HomePageTest" tests="2" failures="0" timestamp="25 Feb 2018 04:38:00 GMT" time="13.835" errors="0">
  <testcase name="homepageTitleTest" time="6.351" classname="com.Guru99.qa.tests.HomePageTest"/>
  <testcase name="mobileLinkTest" time="7.484" classname="com.Guru99.qa.tests.HomePageTest"/>
</testsuite> <!-- com.Guru99.qa.tests.HomePageTest -->
