<?xml version="1.0" encoding="UTF-8"?>
<!-- Generated by org.testng.reporters.JUnitReportReporter -->
<testsuite skipped="0" hostname="LAPTOP-69PURTCF" name="com.Guru99.qa.tests.MobilePageTest" tests="1" failures="0" timestamp="25 Feb 2018 04:38:00 GMT" time="13.330" errors="0">
  <testcase name="verifyIphoneAddToCartTest" time="13.330" classname="com.Guru99.qa.tests.MobilePageTest"/>
</testsuite> <!-- com.Guru99.qa.tests.MobilePageTest -->
