<?xml version="1.0" encoding="UTF-8"?>
<!-- Generated by org.testng.reporters.JUnitReportReporter -->
<testsuite hostname="LAPTOP-69PURTCF" name="com.Guru99.qa.tests.HomePageTest" tests="3" failures="0" timestamp="8 Feb 2018 00:13:12 GMT" time="25.549" errors="0">
  <testcase name="homepageTitleTest" time="9.464" classname="com.Guru99.qa.tests.HomePageTest"/>
  <testcase name="mobileLinkTest" time="7.901" classname="com.Guru99.qa.tests.HomePageTest"/>
  <testcase name="logoGuru99Test" time="8.184" classname="com.Guru99.qa.tests.HomePageTest"/>
</testsuite> <!-- com.Guru99.qa.tests.HomePageTest -->
