<?xml version="1.0" encoding="UTF-8"?>
<!-- Generated by org.testng.reporters.JUnitReportReporter -->
<testsuite hostname="LAPTOP-69PURTCF" name="com.Guru99.qa.tests.HomePageTest" tests="3" failures="0" timestamp="9 Feb 2018 23:10:35 GMT" time="31.038" errors="0">
  <testcase name="logoGuru99Test" time="8.659" classname="com.Guru99.qa.tests.HomePageTest"/>
  <testcase name="homepageTitleTest" time="7.353" classname="com.Guru99.qa.tests.HomePageTest"/>
  <testcase name="mobileLinkTest" time="15.026" classname="com.Guru99.qa.tests.HomePageTest"/>
</testsuite> <!-- com.Guru99.qa.tests.HomePageTest -->
