<?xml version="1.0" encoding="UTF-8"?>
<!-- Generated by org.testng.reporters.JUnitReportReporter -->
<testsuite hostname="LAPTOP-69PURTCF" name="com.Guru99.qa.tests.HomePageTest" tests="3" failures="0" timestamp="9 Feb 2018 23:20:09 GMT" time="22.006" errors="0">
  <testcase name="mobileLinkTest" time="7.872" classname="com.Guru99.qa.tests.HomePageTest"/>
  <testcase name="homepageTitleTest" time="7.069" classname="com.Guru99.qa.tests.HomePageTest"/>
  <testcase name="logoGuru99Test" time="7.065" classname="com.Guru99.qa.tests.HomePageTest"/>
</testsuite> <!-- com.Guru99.qa.tests.HomePageTest -->
