<?xml version="1.0" encoding="UTF-8"?>
<!-- Generated by org.testng.reporters.JUnitReportReporter -->
<testsuite skipped="0" hostname="LAPTOP-69PURTCF" name="com.Guru99.qa.tests.HomePageTest" tests="2" failures="0" timestamp="25 Feb 2018 03:17:51 GMT" time="12.403" errors="0">
  <testcase name="homepageTitleTest" time="5.840" classname="com.Guru99.qa.tests.HomePageTest"/>
  <testcase name="mobileLinkTest" time="6.563" classname="com.Guru99.qa.tests.HomePageTest"/>
</testsuite> <!-- com.Guru99.qa.tests.HomePageTest -->
