<?xml version="1.0" encoding="UTF-8"?>
<!-- Generated by org.testng.reporters.JUnitReportReporter -->
<testsuite hostname="LAPTOP-69PURTCF" name="com.Guru99.qa.tests.HomePageTest" tests="3" failures="0" timestamp="8 Feb 2018 05:18:40 GMT" time="26.855" errors="0">
  <testcase name="logoGuru99Test" time="9.181" classname="com.Guru99.qa.tests.HomePageTest"/>
  <testcase name="mobileLinkTest" time="9.062" classname="com.Guru99.qa.tests.HomePageTest"/>
  <testcase name="homepageTitleTest" time="8.612" classname="com.Guru99.qa.tests.HomePageTest"/>
</testsuite> <!-- com.Guru99.qa.tests.HomePageTest -->
