<?xml version="1.0" encoding="UTF-8"?>
<!-- Generated by org.testng.reporters.JUnitReportReporter -->
<testsuite hostname="LAPTOP-69PURTCF" name="com.Guru99.qa.tests.MobilePageTest" tests="1" failures="0" timestamp="8 Feb 2018 05:18:40 GMT" time="38.249" errors="0">
  <testcase name="verifyIphoneAddToCartTest" time="38.249" classname="com.Guru99.qa.tests.MobilePageTest"/>
</testsuite> <!-- com.Guru99.qa.tests.MobilePageTest -->
