<?xml version="1.0" encoding="UTF-8"?>
<!-- Generated by org.testng.reporters.JUnitReportReporter -->
<testsuite hostname="LAPTOP-69PURTCF" name="com.Guru99.qa.tests.MobilePageTest" tests="1" failures="0" timestamp="9 Feb 2018 23:20:09 GMT" time="12.772" errors="0">
  <testcase name="verifyIphoneAddToCartTest" time="12.772" classname="com.Guru99.qa.tests.MobilePageTest"/>
</testsuite> <!-- com.Guru99.qa.tests.MobilePageTest -->
