<?xml version="1.0" encoding="UTF-8"?>
<!-- Generated by org.testng.reporters.JUnitReportReporter -->
<testsuite skipped="0" hostname="LAPTOP-69PURTCF" name="com.Guru99.qa.tests.MobilePageTest" tests="1" failures="0" timestamp="23 Mar 2018 19:09:11 GMT" time="15.694" errors="0">
  <testcase name="verifyIphoneAddToCartTest" time="15.694" classname="com.Guru99.qa.tests.MobilePageTest"/>
</testsuite> <!-- com.Guru99.qa.tests.MobilePageTest -->
